<trace_file>

<head>
<version>15.07</version>
<scenario>trace-dymo-ipv6-trafficGen</scenario>
<comments>none</comments>
</head>

<body>

<protocol_map>71 IPv6</protocol_map>
<protocol_map>141 ICMPV6</protocol_map>
<protocol_map>139 DYMO</protocol_map>
<protocol_map>1 TCP</protocol_map>
<protocol_map>2 UDP</protocol_map>
<protocol_map>57 TRAFFIC-GEN</protocol_map>

<rec>
<rechdr> 1 2 1.000000000 57 1 57 <action> 1 0</action></rechdr>
<recbody>
<trafficgen>1024 0 0 512 1.000000000</trafficgen>
</recbody>
</rec>

<rec>
<rechdr> 1 2 1.000000000 57 1 2 <action> 1 0</action></rechdr>
<recbody>
<trafficgen>1024 0 0 512 1.000000000</trafficgen>
<udp>1024 83 520 0</udp>
</recbody>
</rec>

<rec>
<rechdr> 1 3 1.000000000 139 1 139 <action> 1 0</action></rechdr>
<recbody>
<dymo><rreq>10 1 0 2 2000::1:0:0:0:1 2000::1:0:0:0:3 1 0 0 0 </rreq></dymo>
</recbody>
</rec>

<rec>
<rechdr> 1 3 1.000847134 139 2 139 <action> 2 0</action></rechdr>
<recbody>
<dymo><rreq>10 1 0 2 2000::1:0:0:0:1 2000::1:0:0:0:3 1 0 0 0 </rreq></dymo>
</recbody>
</rec>

<rec>
<rechdr> 1 3 1.000847134 139 2 139 <action> 3 4</action></rechdr>
<recbody>
<dymo><rreq>10 1 0 2 2000::1:0:0:0:1 2000::1:0:0:0:3 1 0 0 0 </rreq></dymo>
</recbody>
</rec>

<rec>
<rechdr> 1 4 1.160000000 139 1 139 <action> 1 0</action></rechdr>
<recbody>
<dymo><rreq>10 3 0 2 2000::1:0:0:0:1 2000::1:0:0:0:3 2 0 0 0 </rreq></dymo>
</recbody>
</rec>

<rec>
<rechdr> 1 4 1.160827134 139 2 139 <action> 2 0</action></rechdr>
<recbody>
<dymo><rreq>10 3 0 2 2000::1:0:0:0:1 2000::1:0:0:0:3 2 0 0 0 </rreq></dymo>
</recbody>
</rec>

<rec>
<rechdr> 2 2 1.160827134 139 2 139 <action> 1 0</action></rechdr>
<recbody>
<dymo><rreq>10 2 1 3 2000::1:0:0:0:1 2000::1:0:0:0:3 2 0 1 0 <addtAddr>2000::1:0:0:0:2 1 0 </addtAddr></rreq></dymo>
</recbody>
</rec>

<rec>
<rechdr> 2 2 1.162130111 139 3 139 <action> 2 0</action></rechdr>
<recbody>
<dymo><rreq>10 2 1 3 2000::1:0:0:0:1 2000::1:0:0:0:3 2 0 1 0 <addtAddr>2000::1:0:0:0:2 1 0 </addtAddr></rreq></dymo>
</recbody>
</rec>

<rec>
<rechdr> 3 2 1.162130111 139 3 139 <action> 1 0</action></rechdr>
<recbody>
<dymo><rrep>11 2 0 2 2000::1:0:0:0:3 2000::1:0:0:0:1 1 2 0 2 </rrep></dymo>
</recbody>
</rec>

<rec>
<rechdr> 2 2 1.162130268 139 1 139 <action> 2 0</action></rechdr>
<recbody>
<dymo><rreq>10 2 1 3 2000::1:0:0:0:1 2000::1:0:0:0:3 2 0 1 0 <addtAddr>2000::1:0:0:0:2 1 0 </addtAddr></rreq></dymo>
</recbody>
</rec>

<rec>
<rechdr> 3 2 1.164095042 139 2 139 <action> 2 0</action></rechdr>
<recbody>
<dymo><rrep>11 2 0 2 2000::1:0:0:0:3 2000::1:0:0:0:1 1 2 0 2 </rrep></dymo>
</recbody>
</rec>

<rec>
<rechdr> 2 5 1.164095042 139 2 139 <action> 1 0</action></rechdr>
<recbody>
<dymo><rrep>11 1 1 3 2000::1:0:0:0:3 2000::1:0:0:0:1 1 2 1 2 <addtAddr>2000::1:0:0:0:2 1 0 </addtAddr></rrep></dymo>
</recbody>
</rec>

<rec>
<rechdr> 2 5 1.165994445 139 1 139 <action> 2 0</action></rechdr>
<recbody>
<dymo><rrep>11 1 1 3 2000::1:0:0:0:3 2000::1:0:0:0:1 1 2 1 2 <addtAddr>2000::1:0:0:0:2 1 0 </addtAddr></rrep></dymo>
</recbody>
</rec>

<rec>
<rechdr> 1 2 1.177147049 57 3 2 <action> 2 0</action></rechdr>
<recbody>
<trafficgen>1024 0 0 512 1.000000000</trafficgen>
<udp>1024 83 520 0</udp>
</recbody>
</rec>

<rec>
<rechdr> 1 2 1.177148049 57 3 57 <action> 2 0</action></rechdr>
<recbody>
<trafficgen>1024 0 0 512 1.000000000</trafficgen>
</recbody>
</rec>

<rec>
<rechdr> 1 9 2.000000000 57 1 57 <action> 1 0</action></rechdr>
<recbody>
<trafficgen>1024 1 0 512 2.000000000</trafficgen>
</recbody>
</rec>

<rec>
<rechdr> 1 9 2.000000000 57 1 2 <action> 1 0</action></rechdr>
<recbody>
<trafficgen>1024 1 0 512 2.000000000</trafficgen>
<udp>1024 83 520 0</udp>
</recbody>
</rec>

<rec>
<rechdr> 1 9 2.007544334 57 3 2 <action> 2 0</action></rechdr>
<recbody>
<trafficgen>1024 1 0 512 2.000000000</trafficgen>
<udp>1024 83 520 0</udp>
</recbody>
</rec>

<rec>
<rechdr> 1 9 2.007545334 57 3 57 <action> 2 0</action></rechdr>
<recbody>
<trafficgen>1024 1 0 512 2.000000000</trafficgen>
</recbody>
</rec>

</body>

</trace_file>
