<?xml version="1.0" encoding="ISO-8859-1"?>
<category name="NODE CONFIGURATION">
    <subcategory name="External Interfaces" help="These external interfaces can be connected to QualNet and run together or mutually exclusive">
        <subcategory name="VR-Link Interface" invisible="Device">
            <variable name="Enable VR-Link Interface" key="VRLINK" type="Selection" default="NO" invisible="Device">
                <option value="NO" name="No" />
                <option value="YES" name="Yes">
                    <variable name="Protocol" key="VRLINK-PROTOCOL" type="Selection" default="DIS" invisible="Device">
                        <option value="DIS" name="DIS">
                            <variable key="VRLINK-DEBUG-PRINT-COMMS" name="Debug: Print Comms" type="Checkbox" default="YES" />
                            <variable key="VRLINK-DEBUG-PRINT-COMMS-2" name="Debug: Print Comms Verbose" type="Checkbox" default="YES" />
                            <variable key="VRLINK-DEBUG-PRINT-MAPPING" name="Debug: Print Mapping" type="Checkbox" default="YES" />
                            <variable key="VRLINK-DEBUG-PRINT-DAMAGE" name="Debug: Print Damage" type="Checkbox" default="YES" />
                            <variable key="VRLINK-DEBUG-PRINT-TX-STATE" name="Debug: Print TX State" type="Checkbox" default="YES" />
                            <variable key="VRLINK-DEBUG-PRINT-TX-POWER" name="Debug: Print TX Power" type="Checkbox" default="YES" />
                            <variable key="VRLINK-DEBUG-PRINT-MOBILITY" name="Debug: Print Mobility" type="Checkbox" default="YES" />
                            <variable key="VRLINK-DEBUG-PRINT-TRANSMITTER-PDU" name="Debug: Print Transmiter PDU" type="Checkbox" default="NO" />
                            <variable key="VRLINK-DEBUG-PRINT-PDUS" name="Debug: Print PDUs" type="Checkbox" default="NO" />
                            <variable key="VRLINK-DEBUG-PRINT-RTSS" name="Enable RTSS Debugging" type="Checkbox" default="NO" addon="military" />
                            <variable key="VRLINK-DIS-IP-ADDRESS" name="Destination IP Address" type="Dotted decimal" default="127.255.255.255" />
                            <variable key="VRLINK-DIS-NETWORK-INTERFACE" name="Network Interface Address" type="Dotted decimal" default="127.0.0.1" />
                            <variable key="DUMMY-VRLINK-SUBNET-MASK" name="Specify Subnet Mask" type="Selection" default="NO" >
                                <option value="NO" name="No" />
                                <option value="YES" name="Yes">
                                    <variable name="Subnet Mask" key="VRLINK-DIS-SUBNET-MASK" type="Dotted decimal" default="255.0.0.0" />
                                </option>
                            </variable>
                            <variable key="VRLINK-DIS-PORT" name="Port" type="Integer" default="3000" min="1"/>
                            <variable key="VRLINK-DIS-EXERCISE-ID" name="Exercise ID" type="Integer" default="1" min="1" max="255" />
                            <variable key="VRLINK-SITE-ID" name="Site ID" type="Integer" default="1" min="1"/>
                            <variable key="VRLINK-APPLICATION-NUMBER" name="Application Number" type="Integer" default="4000" min="1" />                            
                            <variable key="VRLINK-MUTLICAST-TTL" name="Multicast TTL" type="Integer" default="2" min="1" max="255" />                            
                            <variable key="VRLINK-RECEIVE-DELAY" name="Receive Delay" type="Time" default="200MS" />
                            <variable key="VRLINK-MAX-RECEIVE-DURATION" name="Max Receive Duration" type="Time" default="5MS" />
                            <variable key="VRLINK-XYZ-EPSILON" name="XYZ Epsilon" type="Fixed" default="0.5" min="0" />
                            <variable key="VRLINK-MOBILITY-INTERVAL" name="Mobility Interval" type="Time" default="500MS" />
                            <variable key="VRLINK-ENTITIES-FILE-PATH" name="Entities File" type="File" default="[Required]" filetype="vrlink-entities" />
                            <variable key="VRLINK-RADIOS-FILE-PATH" name="Radios File" type="File" default="[Required]" filetype="vrlink-radios" />
                            <variable key="VRLINK-NETWORKS-FILE-PATH" name="Networks File" type="File" default="[Required]" filetype="vrlink-networks" />
                            <variable key="VRLINK-DISABLE-REFLECTED-RADIO-TRANSMITTER-TIMEOUTS" name="Disable Reflected Radio Transmitter Timeouts" type="Checkbox" default="NO" />
                        </option>
                        <option value="HLA13" name="HLA13">
                            <variable key="VRLINK-DEBUG" name="Enable Debugging" type="Checkbox" default="YES" />
                            <variable key="VRLINK-DEBUG-2" name="Enable Verbose Debugging" type="Checkbox" default="NO" />
                            <variable key="VRLINK-DEBUG-PRINT-RTSS" name="Enable RTSS Debugging" type="Checkbox" default="NO" addon="military" />
                            <variable key="VRLINK-FEDERATION-NAME" name="Federation Name" type="Text" default="VR-Link" />
                            <variable key="VRLINK-FEDERATE-NAME" name="Federate Name" type="Text" default="QualNet" />
                            <variable name="RPR FOM Version" key="VRLINK-RPR-FOM-VERSION" type="Selection" default="1.0" >
                                <option value="1.0" name="1.0" >
                                    <variable key="VRLINK-FED-FILE-PATH" name="Federation File" type="File" default="../data/VR-Link.fed" filetype="fed" />
                                </option>
                                <option value="2.0017" name="2.0017" >                                                                         
                                    <variable key="VRLINK-FED-FILE-PATH" name="Federation File" type="File" default="../data/VR-Link20017-1.fed" filetype="fed" />                                        
                                </option>                         
                            </variable>
                            <variable key="VRLINK-SITE-ID" name="Site ID" type="Integer" default="1" min="1"/>
                            <variable key="VRLINK-APPLICATION-NUMBER" name="Application Number" type="Integer" default="4000" min="1" />
                            <variable name="XYZ Epsilon" key="VRLINK-XYZ-EPSILON" type="Fixed" default="0.5" min="0" />
                            <variable name="Tick Interval" key="VRLINK-TICK-INTERVAL" type="Time" default="200MS" />
                            <variable name="Mobility Interval" key="VRLINK-MOBILITY-INTERVAL" type="Time" default="500MS" />
                            <variable key="VRLINK-ENTITIES-FILE-PATH" name="Entities File" type="File" default="[Required]" filetype="vrlink-entities" />
                            <variable key="VRLINK-RADIOS-FILE-PATH" name="Radios File" type="File" default="[Required]" filetype="vrlink-radios" />
                            <variable key="VRLINK-NETWORKS-FILE-PATH" name="Network File" type="File" default="[Required]" filetype="vrlink-networks" />
                            <variable name="Enable VR-Link Statistics" key="VRLINK-HLA-DYNAMIC-STATISTICS" type="Selection" default="NO">
                                 <option value="NO" name="No" />
                                 <option value="YES" name="Yes">
                                    <variable name="Metric Update Mode" key="VRLINK-HLA-DYNAMIC-STATISTICS-METRIC-UPDATE-MODE" type="Selection" default="VERBOSE">
                                        <option value="VERBOSE" name="Verbose" />
                                        <option value="BRIEF" name="Brief" />
                                    </variable>
                                    <variable name="Send NodeID Descriptions" key="VRLINK-HLA-DYNAMIC-STATISTICS-SEND-NODEID-DESCRIPTIONS" type="Checkbox" default="NO"/>
                                    <variable name="Send Metric Definitions" key="VRLINK-HLA-DYNAMIC-STATISTICS-SEND-METRIC-DEFINITIONS" type="Checkbox" default="NO"/>
                                 </option>
                            </variable>
                        </option>
                        <option value="HLA1516" name="HLA1516">
                            <variable key="VRLINK-DEBUG" name="Enable Debugging" type="Checkbox" default="YES" />
                            <variable key="VRLINK-DEBUG-2" name="Enable Verbose Debugging" type="Checkbox" default="NO" />
                            <variable key="VRLINK-DEBUG-PRINT-RTSS" name="Enable RTSS Debugging" type="Checkbox" default="NO" addon="military" />
                            <variable key="VRLINK-FEDERATION-NAME" name="Federation Name" type="Text" default="VR-Link" />                            
                            <variable key="VRLINK-FEDERATE-NAME" name="Federate Name" type="Text" default="QualNet" />
                            <variable name="RPR FOM Version" key="VRLINK-RPR-FOM-VERSION" type="Selection" default="1.0" >
                                <option value="1.0" name="1.0" >
                                    <variable key="VRLINK-FED-FILE-PATH" name="Federation File" type="File" default="../data/VR-Link.xml" filetype="xml" />
                                </option>
                                <option value="2.0017" name="2.0017" >                                                                         
                                    <variable key="VRLINK-FED-FILE-PATH" name="Federation File" type="File" default="../data/VR-Link20017-1.xml" filetype="xml" />                                        
                                </option>                                
                            </variable>
                            <variable key="VRLINK-SITE-ID" name="Site ID" type="Integer" default="1" min="1"/>
                            <variable key="VRLINK-APPLICATION-NUMBER" name="Application Number" type="Integer" default="4000" min="1" />
                            <variable name="XYZ Epsilon" key="VRLINK-XYZ-EPSILON" type="Fixed" default="0.5" min="0" />
                            <variable name="Tick Interval" key="VRLINK-TICK-INTERVAL" type="Time" default="200MS" />
                            <variable name="Mobility Interval" key="VRLINK-MOBILITY-INTERVAL" type="Time" default="500MS" />
                            <variable key="VRLINK-ENTITIES-FILE-PATH" name="Entities File" type="File" default="[Required]" filetype="vrlink-entities" />
                            <variable key="VRLINK-RADIOS-FILE-PATH" name="Radios File" type="File" default="[Required]" filetype="vrlink-radios" />
                            <variable key="VRLINK-NETWORKS-FILE-PATH" name="Network File" type="File" default="[Required]" filetype="vrlink-networks" />
                            <variable name="Enable VR-Link Statistics" key="VRLINK-HLA-DYNAMIC-STATISTICS" type="Selection" default="NO">
                                 <option value="NO" name="No" />
                                 <option value="YES" name="Yes">
                                    <variable name="Metric Update Mode" key="VRLINK-HLA-DYNAMIC-STATISTICS-METRIC-UPDATE-MODE" type="Selection" default="VERBOSE">
                                        <option value="VERBOSE" name="Verbose" />
                                        <option value="BRIEF" name="Brief" />
                                    </variable>
                                    <variable name="Send NodeID Descriptions" key="VRLINK-HLA-DYNAMIC-STATISTICS-SEND-NODEID-DESCRIPTIONS" type="Checkbox" default="NO"/>
                                    <variable name="Send Metric Definitions" key="VRLINK-HLA-DYNAMIC-STATISTICS-SEND-METRIC-DEFINITIONS" type="Checkbox" default="NO"/>
                                 </option>
                            </variable>
                        </option>
                    </variable>
                </option>
            </variable>
        </subcategory>
        <subcategory name="AGI Interface" class="device">
            <variable name="Enable AGI Interface" key="AGI-INTERFACE" type="Selection" default="NO" help="Enables communications with AGI STK.  LATLONALT coordinate system must be used when communicating with STK." >
                 <option value="NO" name="No" />
                 <option value="YES" name="Yes">
                     <variable name="AGI STK Version" key="AGI-STK-VERSION" type="Selection" default="11" optional="true">
                         <option value="11" name="11" />
                     </variable>
                     <variable name="Update Node Positions" key="AGI-POSITION-UPDATE" type="Selection" default="NO" help="Enables position updates from AGI STK.">
                        <option value="NO" name="No" />
                        <option value="YES" name="Yes">
                            <variable name="Node Position Update Interval" key="AGI-POSITION-UPDATE-INTERVAL" type="Time" default="1S" optional="true" help="Specifies how often AGI STK sends position updates." />
                        </option>
                    </variable>
                 </option>
            </variable>
        </subcategory>
        <subcategory name="Socket Interface">
            <variable name="Enable Socket Interface" key="SOCKET-INTERFACE" type="Selection" default="NO">
             <option value="NO" name="No" />
             <option value="YES" name="Yes">
                 <variable name="Number of Socket Ports" key="SOCKET-INTERFACE-NUM-PORTS" type="Array" embeddedarray="true" default="1" min="1" format="ValueList" >
                     <variable name="Socket Port" key="SOCKET-INTERFACE-PORT" type="Integer" default="5033" format="Array" length="SOCKET-INTERFACE-NUM-PORTS.value"/>
                 </variable>
                 <variable name="UDP Failure Timeout" key="SOCKET-INTERFACE-UDP-FAILURE-TIMEOUT" type="Time" default="2S" />
                 <variable name="TCP Failure Timeout" key="SOCKET-INTERFACE-TCP-FAILURE-TIMEOUT" type="Time" default="15S" />
                 <variable name="Per Packet Statistics" key="DUMMY-PRINT-PER-PACKET-STATS" type="Selection" default="NO" optional="true">
                     <option value="NO" name="Disabled" />
                     <option value="STDOUT" name="Terminal Window">
                        <variable name="Standard Output" key="SOCKET-INTERFACE-PRINT-PER-PACKET-STATS" type="FIXED" default="STDOUT" />
                     </option>
                     <option value="FILE" name="File">
                         <variable name="Packet Statistics File" key="SOCKET-INTERFACE-PRINT-PER-PACKET-STATS" type="File" default="[Required]" />
                     </option>
                 </variable>
                 <variable name="Socket Interface Log Type" key="SOCKET-INTERFACE-LOG" type="Selection" default="FILE">
                     <option value="STDOUT" name="Terminal Window" />
                     <option value="FILE" name="Log Files" />
                     <option value="NONE" name="Disabled" />
                 </variable>
                 <variable name="Time to Print in Socket Interface Log" key="SOCKET-INTERFACE-PRINT-REAL-TIME" type="Selection" default="NO">
                     <option value="YES" name="Real Time" />
                     <option value="NO" name="Simulation Time" />
                 </variable>
                 <variable name="Time to Print in Statistics Log" key="SOCKET-INTERFACE-STATS-PRINT-REAL-TIME" type="Selection" default="1">
                     <option value="1" name="Real Time" />
                     <option value="0" name="Simulation Time" />
                 </variable>
                 <variable name="Time Interval for Statistics Log" key="SOCKET-INTERFACE-STATS-PRINT-INTERVAL" type="Time" default="60S" />
                 <variable name="Time to Print in Graph Log" key="SOCKET-INTERFACE-GRAPH-PRINT-REAL-TIME" type="Selection" default="1">
                     <option value="1" name="Real Time" />
                     <option value="0" name="Simulation Time" />
                 </variable>
                 <variable name="Time Interval for Graph Log" key="SOCKET-INTERFACE-GRAPH-PRINT-INTERVAL" type="Time" default="60S" />
                 <variable name="Enter Idle Mode after Sending Response" key="SOCKET-INTERFACE-IDLE-WHEN-RESPONSE-SENT" type="Checkbox" default="NO"/>
                 <variable name="Indicate Success in All Response Messages" key="SOCKET-INTERFACE-ALWAYS-SUCCESS" type="Checkbox" default="NO"/>
                 <variable name="Simulator to Use All Available CPU Time" key="SOCKET-INTERFACE-CPU-HOG" type="Checkbox" default="NO"/>
 <!--            <variable name="Enable QualNet Deterministic Timing" key="SOCKET-INTERFACE-DETERMINISTIC-TIMING" type="Checkbox" default="NO"/>
     -->
                 <variable name="Specify Entity Mapping File" key="DUMMY-SOCKET-INTERFACE-MAPPING" type="Selection" default="NO" optional="true">
                  <option value="NO" name="No" />
                  <option value="YES" name="Yes">
                      <variable name="Entity Mapping File" key="SOCKET-INTERFACE-ENTITY-MAPPING" type="File" default="[Required]" />
                  </option>
                 </variable>
<!--
                 <variable name="Use Warm-up Phase" key="DUMMY-SOCKET-INTERFACE-USE-WARM-UP_PHASE" type="Selection" default="NO">
                      <option value="NO" name="No" />
                      <option value="YES" name="Yes">
                          <variable name="Length of Warm-up Phase" key="SOCKET-INTERFACE-WARM-UP-TIME" type="Time" default="2S" />
                      </option>           
                 </variable>
-->
                 <variable name="Support Operation in a Geopgraphically Distributed Environment" key="SOCKET-INTERFACE-DISTRIBUTED-ENVIRONMENT" type="Checkbox" default="NO"/>
                 <variable name="Respond with Zero Delay in Pause State" key="SOCKET-INTERFACE-PAUSE-REPLY-ZERO-DELAY" type="Checkbox" default="NO"/>
                 <variable name="Advance Simualtion Time in Pause State" key="SOCKET-INTERFACE-PAUSE-ADVANCE-SIMULATION-TIME" type="Checkbox" default="NO"/>
                 <variable name="Flush Log File after Each Line of Output" key="SOCKET-INTERFACE-LOG-AUTOMATIC-FLUSH" type="Checkbox" default="NO"/>
                 <variable name="Only Deactivate Mapped Nodes on Start-Up" key="SOCKET-INTERFACE-ONLY-DEACTIVATE-MAPPED-NODES" type="Checkbox" default="NO"/>
               </option>
            </variable>
        </subcategory>
         <subcategory name = "Warm-up Phase">
             <variable name="Enable Warm-up Phase" key="DUMMY-EXTERNAL-WARM-UP" type="Selection" default="NO" optional="true">
                 <option value="NO" name="No" />
                 <option value="YES" name="Yes">
                     <variable name="Warm-up Time" key="EXTERNAL-WARM-UP-TIME" type="Time" default="0S" />
                     <variable name="Drop Packets During Warm-up Phase" key="EXTERNAL-WARM-UP-DROP" type="Checkbox" default="NO" />
                 </option>
             </variable>
        </subcategory>
    </subcategory>
</category>
